<?xml version="1.0" encoding="UTF-8"?>
<!-- Generated by org.testng.reporters.JUnitReportReporter -->
<testsuite skipped="0" hostname="LH7U05CG6422Q5G" name="com.config.ReadConfig" tests="1" failures="0" timestamp="11 Mar 2019 04:33:27 GMT" time="0.014" errors="0">
  <testcase name="ReadConfigFile" time="0.014" classname="com.config.ReadConfig"/>
</testsuite> <!-- com.config.ReadConfig -->
